<?xml version="1.0" encoding="UTF-8"?>
<!-- Generated by org.testng.reporters.JUnitXMLReporter -->
<testsuite hostname="LP-5CD911D3P5" ignored="0" name="Default test" tests="7" failures="0" timestamp="10 Jan 2020 13:46:14 GMT" time="53.765" errors="0">
  <testcase name="NopCommerceSelectMobileValidation" time="9.161" classname="com.qa.test.NopCommerceTestCases"/>
  <testcase name="NopCommerceSelectJweleryValidation" time="5.881" classname="com.qa.test.NopCommerceTestCases"/>
  <testcase name="NopCommerceCartValidation" time="0.036" classname="com.qa.test.NopCommerceTestCases"/>
  <testcase name="NopCommerceUpdateAndCheckoutvalidation" time="4.112" classname="com.qa.test.NopCommerceTestCases"/>
  <testcase name="NopCommerceSignInPageValidation" time="1.44" classname="com.qa.test.NopCommerceTestCases"/>
  <testcase name="NopCommerceEnterDeatils" time="9.201" classname="com.qa.test.NopCommerceTestCases"/>
  <testcase name="NopCommerceVerifySuccesspage" time="3.887" classname="com.qa.test.NopCommerceTestCases"/>
</testsuite> <!-- Default test -->
