<?xml version="1.0" encoding="UTF-8"?>
<!-- Generated by org.testng.reporters.JUnitXMLReporter -->
<testsuite hostname="DESKTOP-9MISMLV" name="Test" tests="1" failures="1" timestamp="10 Jan 2020 09:57:26 GMT" time="10.793" errors="0">
  <testcase name="ValidateCellphonePage" time="0.034" classname="com.qa.test.TestClass">
    <failure type="java.lang.NullPointerException">
      <![CDATA[java.lang.NullPointerException
	at com.qa.Utility.Webgenericutility.getTitle(Webgenericutility.java:218)
	at com.qa.pages.Home_Page.ValidateCellphonePage(Home_Page.java:36)
	at com.qa.test.TestClass.ValidateCellphonePage(TestClass.java:30)
... Removed 25 stack frames]]>
    </failure>
  </testcase> <!-- ValidateCellphonePage -->
</testsuite> <!-- Test -->
