<?xml version="1.0" encoding="UTF-8"?>
<!-- Generated by org.testng.reporters.JUnitXMLReporter -->
<testsuite ignored="18" hostname="om-PC" failures="0" tests="6" name="Test" time="72.738" errors="0" timestamp="2020-01-10T22:19:45 IST">
  <testcase classname="com.qa.pages.HomePage" name="ClickOnElectronicMenu" time="3.953"/>
  <testcase classname="com.qa.pages.ElectronicsPage" name="ClickOnCellAndAddtoCart" time="15.287"/>
  <testcase classname="com.qa.pages.JewleryPage" name="ClickOnJewelsAndAddtoCart" time="17.78"/>
  <testcase classname="com.qa.pages.CartPage" name="cartValidationTest" time="10.816"/>
  <testcase classname="com.qa.pages.OrderPage" name="PlaceOrderAsGuest" time="4.583"/>
  <testcase classname="com.qa.pages.CheckoutPage" name="CheckoutOrderDetails" time="20.013"/>
  <testcase classname="com.qa.basetest.BaseTest" name="@BeforeTest startReport" time="0.0">
    <ignored/>
  </testcase> <!-- @BeforeTest startReport -->
  <testcase classname="com.qa.basetest.BaseTest" name="@BeforeTest startReport" time="0.0">
    <ignored/>
  </testcase> <!-- @BeforeTest startReport -->
  <testcase classname="com.qa.basetest.BaseTest" name="@BeforeTest startReport" time="0.0">
    <ignored/>
  </testcase> <!-- @BeforeTest startReport -->
  <testcase classname="com.qa.basetest.BaseTest" name="@BeforeTest startReport" time="0.0">
    <ignored/>
  </testcase> <!-- @BeforeTest startReport -->
  <testcase classname="com.qa.basetest.BaseTest" name="@BeforeTest startReport" time="0.0">
    <ignored/>
  </testcase> <!-- @BeforeTest startReport -->
  <testcase classname="com.qa.basetest.BaseTest" name="@BeforeTest startReport" time="0.0">
    <ignored/>
  </testcase> <!-- @BeforeTest startReport -->
  <testcase classname="com.qa.basetest.BaseTest" name="@AfterSuite tearDown" time="0.0">
    <ignored/>
  </testcase> <!-- @AfterSuite tearDown -->
  <testcase classname="com.qa.basetest.BaseTest" name="@AfterSuite tearDown" time="0.0">
    <ignored/>
  </testcase> <!-- @AfterSuite tearDown -->
  <testcase classname="com.qa.basetest.BaseTest" name="@AfterSuite tearDown" time="0.0">
    <ignored/>
  </testcase> <!-- @AfterSuite tearDown -->
  <testcase classname="com.qa.basetest.BaseTest" name="@AfterSuite tearDown" time="0.0">
    <ignored/>
  </testcase> <!-- @AfterSuite tearDown -->
  <testcase classname="com.qa.basetest.BaseTest" name="@AfterSuite tearDown" time="0.0">
    <ignored/>
  </testcase> <!-- @AfterSuite tearDown -->
  <testcase classname="com.qa.basetest.BaseTest" name="@AfterSuite tearDown" time="0.0">
    <ignored/>
  </testcase> <!-- @AfterSuite tearDown -->
  <testcase classname="com.qa.basetest.BaseTest" name="@BeforeSuite BrowserIntialisation" time="0.0">
    <ignored/>
  </testcase> <!-- @BeforeSuite BrowserIntialisation -->
  <testcase classname="com.qa.basetest.BaseTest" name="@BeforeSuite BrowserIntialisation" time="0.0">
    <ignored/>
  </testcase> <!-- @BeforeSuite BrowserIntialisation -->
  <testcase classname="com.qa.basetest.BaseTest" name="@BeforeSuite BrowserIntialisation" time="0.0">
    <ignored/>
  </testcase> <!-- @BeforeSuite BrowserIntialisation -->
  <testcase classname="com.qa.basetest.BaseTest" name="@BeforeSuite BrowserIntialisation" time="0.0">
    <ignored/>
  </testcase> <!-- @BeforeSuite BrowserIntialisation -->
  <testcase classname="com.qa.basetest.BaseTest" name="@BeforeSuite BrowserIntialisation" time="0.0">
    <ignored/>
  </testcase> <!-- @BeforeSuite BrowserIntialisation -->
  <testcase classname="com.qa.basetest.BaseTest" name="@BeforeSuite BrowserIntialisation" time="0.0">
    <ignored/>
  </testcase> <!-- @BeforeSuite BrowserIntialisation -->
</testsuite> <!-- Test -->
